d:\suli\bme\infocpp\hw\telener\telener\debug\vc141.pdb
d:\suli\bme\infocpp\hw\telener\telener\debug\vc141.idb
d:\suli\bme\infocpp\hw\telener\telener\debug\memtrace.obj
d:\suli\bme\infocpp\hw\telener\telener\debug\main.obj
d:\suli\bme\infocpp\hw\telener\telener\debug\fgv.obj
d:\suli\bme\infocpp\hw\telener\debug\telener.pdb
d:\suli\bme\infocpp\hw\telener\telener\debug\telener.tlog\cl.command.1.tlog
d:\suli\bme\infocpp\hw\telener\telener\debug\telener.tlog\cl.read.1.tlog
d:\suli\bme\infocpp\hw\telener\telener\debug\telener.tlog\cl.write.1.tlog
d:\suli\bme\infocpp\hw\telener\telener\debug\telener.tlog\link-cvtres.read.1.tlog
d:\suli\bme\infocpp\hw\telener\telener\debug\telener.tlog\link-cvtres.write.1.tlog
d:\suli\bme\infocpp\hw\telener\telener\debug\telener.tlog\link-rc.read.1.tlog
d:\suli\bme\infocpp\hw\telener\telener\debug\telener.tlog\link-rc.write.1.tlog
d:\suli\bme\infocpp\hw\telener\telener\debug\telener.tlog\link.7808-cvtres.read.1.tlog
d:\suli\bme\infocpp\hw\telener\telener\debug\telener.tlog\link.7808-cvtres.write.1.tlog
d:\suli\bme\infocpp\hw\telener\telener\debug\telener.tlog\link.7808-rc.read.1.tlog
d:\suli\bme\infocpp\hw\telener\telener\debug\telener.tlog\link.7808-rc.write.1.tlog
d:\suli\bme\infocpp\hw\telener\telener\debug\telener.tlog\link.7808.read.1.tlog
d:\suli\bme\infocpp\hw\telener\telener\debug\telener.tlog\link.7808.write.1.tlog
d:\suli\bme\infocpp\hw\telener\telener\debug\telener.tlog\link.command.1.tlog
d:\suli\bme\infocpp\hw\telener\telener\debug\telener.tlog\link.read.1.tlog
d:\suli\bme\infocpp\hw\telener\telener\debug\telener.tlog\link.write.1.tlog
